<?xml version="1.0" encoding="UTF-8"?>
<testsuite name="EmployeePayrollServiceTest" tests="1" skipped="0" failures="0" errors="0" timestamp="2020-12-22T05:34:25" hostname="DESKTOP-J9DM2GE" time="0.572">
  <properties/>
  <testcase name="given6Employees_WhenAddedToDB_ShouldMatchEmployeeEntries" classname="EmployeePayrollServiceTest" time="0.572"/>
  <system-out><![CDATA[Processing Thread: Test workerConnecting to database with id: 1
Processing Thread: Test workerId: 1 Connection is Successful!!!!!!com.mysql.jdbc.JDBC4Connection@4010e7e
Employee being Added: Jeff Bezos
Processing Thread: Test workerConnecting to database with id: 2
Processing Thread: Test workerId: 2 Connection is Successful!!!!!!com.mysql.jdbc.JDBC4Connection@3eb57bf5
Employee Added: Jeff Bezos
Employee being Added: Bill Gates
Processing Thread: Test workerConnecting to database with id: 3
Processing Thread: Test workerId: 3 Connection is Successful!!!!!!com.mysql.jdbc.JDBC4Connection@6fbc561b
Employee Added: Bill Gates
Employee being Added: Mark Zuckerberg
Processing Thread: Test workerConnecting to database with id: 4
Processing Thread: Test workerId: 4 Connection is Successful!!!!!!com.mysql.jdbc.JDBC4Connection@af64807
Employee Added: Mark Zuckerberg
Employee being Added: Sundar
Processing Thread: Test workerConnecting to database with id: 5
Processing Thread: Test workerId: 5 Connection is Successful!!!!!!com.mysql.jdbc.JDBC4Connection@5aeb81cd
Employee Added: Sundar
Employee being Added: Mukesh
Processing Thread: Test workerConnecting to database with id: 6
Processing Thread: Test workerId: 6 Connection is Successful!!!!!!com.mysql.jdbc.JDBC4Connection@2da54706
Employee Added: Mukesh
Employee being Added: Anil
Processing Thread: Test workerConnecting to database with id: 7
Processing Thread: Test workerId: 7 Connection is Successful!!!!!!com.mysql.jdbc.JDBC4Connection@60185a2c
Employee Added: Anil
[id=11, name='Mark, salary=5000000.0, id=90, name='Jeff Bezos, salary=100000.0, id=91, name='Bill Gates, salary=200000.0, id=92, name='Mark Zuckerberg, salary=300000.0, id=93, name='Sundar, salary=600000.0, id=94, name='Mukesh, salary=1000000.0, id=95, name='Anil, salary=2000000.0]
Duration without Thread : PT0.1196195S
Employee being Added: Mark Zuckerberg
Employee being Added: Sundar
Employee being Added: Bill Gates
Employee being Added: Jeff Bezos
Processing Thread: Mark ZuckerbergConnecting to database with id: 8
Employee being Added: Mukesh
Employee being Added: Anil
Processing Thread: Mark ZuckerbergId: 8 Connection is Successful!!!!!!com.mysql.jdbc.JDBC4Connection@1c07fa3a
Processing Thread: AnilConnecting to database with id: 9
Processing Thread: AnilId: 9 Connection is Successful!!!!!!com.mysql.jdbc.JDBC4Connection@53902135
Employee Added: Mark Zuckerberg
Processing Thread: MukeshConnecting to database with id: 10
Employee Added: Anil
Processing Thread: MukeshId: 10 Connection is Successful!!!!!!com.mysql.jdbc.JDBC4Connection@20c1afea
Processing Thread: Jeff BezosConnecting to database with id: 11
Processing Thread: Jeff BezosId: 11 Connection is Successful!!!!!!com.mysql.jdbc.JDBC4Connection@2ebaa290
Employee Added: Mukesh
Processing Thread: Bill GatesConnecting to database with id: 12
Processing Thread: Bill GatesId: 12 Connection is Successful!!!!!!com.mysql.jdbc.JDBC4Connection@2118b06e
Processing Thread: SundarConnecting to database with id: 13
Employee Added: Jeff Bezos
Processing Thread: SundarId: 13 Connection is Successful!!!!!!com.mysql.jdbc.JDBC4Connection@61dcdbd
Employee Added: Bill Gates
Employee Added: Sundar
[id=0, name='Jeff Bezos, salary=100000.0, id=0, name='Bill Gates, salary=200000.0, id=0, name='Mark Zuckerberg, salary=300000.0, id=0, name='Sundar, salary=600000.0, id=0, name='Mukesh, salary=1000000.0, id=0, name='Anil, salary=2000000.0]
Duration With Threads: PT0.090711S
[id=11, name='Mark, salary=5000000.0, id=90, name='Jeff Bezos, salary=100000.0, id=91, name='Bill Gates, salary=200000.0, id=92, name='Mark Zuckerberg, salary=300000.0, id=93, name='Sundar, salary=600000.0, id=94, name='Mukesh, salary=1000000.0, id=95, name='Anil, salary=2000000.0, id=96, name='Mark Zuckerberg, salary=300000.0, id=97, name='Anil, salary=2000000.0, id=98, name='Mukesh, salary=1000000.0, id=99, name='Jeff Bezos, salary=100000.0, id=100, name='Bill Gates, salary=200000.0, id=101, name='Sundar, salary=600000.0]
]]></system-out>
  <system-err><![CDATA[]]></system-err>
</testsuite>
