<?xml version="1.0" encoding="UTF-8"?>
<testsuite name="EmployeePayrollServiceTest" tests="1" skipped="0" failures="0" errors="0" timestamp="2020-12-19T11:31:58" hostname="DESKTOP-J9DM2GE" time="0.284">
  <properties/>
  <testcase name="givenPayrollData_whenCountRetrieveByGender_ShouldReturnProperSumValue" classname="EmployeePayrollServiceTest" time="0.284"/>
  <system-out><![CDATA[Connecting to database: jdbc:mysql://localhost:3306/payroll_service?useSSL=false
Connection is Successful!!!!!!!!com.mysql.jdbc.JDBC4Connection@709b87b3
Connecting to database: jdbc:mysql://localhost:3306/payroll_service?useSSL=false
Connection is Successful!!!!!!!!com.mysql.jdbc.JDBC4Connection@2f44ced6
]]></system-out>
  <system-err><![CDATA[]]></system-err>
</testsuite>
