<?xml version="1.0" encoding="UTF-8"?>
<testsuite name="EmployeePayrollServiceTest" tests="1" skipped="0" failures="0" errors="0" timestamp="2020-12-07T10:50:47" hostname="DESKTOP-J9DM2GE" time="0.05">
  <properties/>
  <testcase name="given3EmployeesWhenWrittenToFileShouldMatchEmployeeEntries" classname="EmployeePayrollServiceTest" time="0.05"/>
  <system-out><![CDATA[id=1, name='Jeff Bezos, salary=100000.0
id=2, name='Bill Gates, salary=200000.0
id=3, name='Mark Zuckerberg, salary=300000.0
]]></system-out>
  <system-err><![CDATA[]]></system-err>
</testsuite>
