<?xml version="1.0" encoding="UTF-8"?>
<testsuite name="EmployeePayrollServiceTest" tests="1" skipped="0" failures="0" errors="0" timestamp="2020-12-23T09:48:42" hostname="DESKTOP-J9DM2GE" time="0.577">
  <properties/>
  <testcase name="givenEmployees_WhenSalaryUpdatedToDB_ShouldMatchEmployeeEntries" classname="EmployeePayrollServiceTest" time="0.577"/>
  <system-out><![CDATA[Processing Thread: Test workerConnecting to database with id: 1
Processing Thread: Test workerId: 1 Connection is Successful!!!!!!com.mysql.jdbc.JDBC4Connection@3e537e4f
Employee being updated: Jeff Bezos
Processing Thread: Test workerConnecting to database with id: 2
Processing Thread: Test workerId: 2 Connection is Successful!!!!!!com.mysql.jdbc.JDBC4Connection@6088122b
Employee Updated: Jeff Bezos
Employee being updated: Bill Gates
Processing Thread: Test workerConnecting to database with id: 3
Processing Thread: Test workerId: 3 Connection is Successful!!!!!!com.mysql.jdbc.JDBC4Connection@d9e55c3
Employee Updated: Bill Gates
Employee being updated: Mark Zuckerberg
Processing Thread: Test workerConnecting to database with id: 4
Processing Thread: Test workerId: 4 Connection is Successful!!!!!!com.mysql.jdbc.JDBC4Connection@3d97fda2
Employee Updated: Mark Zuckerberg
Employee being updated: Sundar
Processing Thread: Test workerConnecting to database with id: 5
Processing Thread: Test workerId: 5 Connection is Successful!!!!!!com.mysql.jdbc.JDBC4Connection@3d7dbe09
Employee Updated: Sundar
Employee being updated: Mukesh
Processing Thread: Test workerConnecting to database with id: 6
Processing Thread: Test workerId: 6 Connection is Successful!!!!!!com.mysql.jdbc.JDBC4Connection@551e78ac
Employee Updated: Mukesh
Employee being updated: Anil
Processing Thread: Test workerConnecting to database with id: 7
Processing Thread: Test workerId: 7 Connection is Successful!!!!!!com.mysql.jdbc.JDBC4Connection@1a6324a5
Employee Updated: Anil
[id=11, name='Mark, salary=5000000.0, id=90, name='Jeff Bezos, salary=200000.0, id=91, name='Bill Gates, salary=100000.0, id=92, name='Mark Zuckerberg, salary=200000.0, id=93, name='Sundar, salary=500000.0, id=94, name='Mukesh, salary=2000000.0, id=95, name='Anil, salary=3000000.0, id=96, name='Mark Zuckerberg, salary=300000.0, id=97, name='Anil, salary=2000000.0, id=98, name='Mukesh, salary=1000000.0, id=99, name='Jeff Bezos, salary=100000.0, id=100, name='Bill Gates, salary=200000.0, id=101, name='Sundar, salary=600000.0]
Duration without Thread : PT0.1214163S
Employee being Updated: Jeff Bezos
Employee being Updated: Mark Zuckerberg
Processing Thread: Jeff BezosConnecting to database with id: 8
Employee being Updated: Bill Gates
Employee being Updated: Mukesh
Employee being Updated: Anil
Employee being Updated: Sundar
Processing Thread: Jeff BezosId: 8 Connection is Successful!!!!!!com.mysql.jdbc.JDBC4Connection@4edec2c4
Processing Thread: SundarConnecting to database with id: 9
Employee Updated: Jeff Bezos
Processing Thread: SundarId: 9 Connection is Successful!!!!!!com.mysql.jdbc.JDBC4Connection@1a4de1a3
Processing Thread: AnilConnecting to database with id: 10
Employee Updated: Sundar
Processing Thread: AnilId: 10 Connection is Successful!!!!!!com.mysql.jdbc.JDBC4Connection@a66de3d
Processing Thread: MukeshConnecting to database with id: 11
Employee Updated: Anil
Processing Thread: MukeshId: 11 Connection is Successful!!!!!!com.mysql.jdbc.JDBC4Connection@47ec08d2
Processing Thread: Bill GatesConnecting to database with id: 12
Employee Updated: Mukesh
Processing Thread: Bill GatesId: 12 Connection is Successful!!!!!!com.mysql.jdbc.JDBC4Connection@61d8e5f7
Processing Thread: Mark ZuckerbergConnecting to database with id: 13
Employee Updated: Bill Gates
Processing Thread: Mark ZuckerbergId: 13 Connection is Successful!!!!!!com.mysql.jdbc.JDBC4Connection@2b4a4531
Employee Updated: Mark Zuckerberg
[id=0, name='Jeff Bezos, salary=200000.0, id=0, name='Bill Gates, salary=100000.0, id=0, name='Mark Zuckerberg, salary=200000.0, id=0, name='Sundar, salary=500000.0, id=0, name='Mukesh, salary=2000000.0, id=0, name='Anil, salary=3000000.0]
Duration With Threads: PT0.1089215S
[id=11, name='Mark, salary=5000000.0, id=90, name='Jeff Bezos, salary=200000.0, id=91, name='Bill Gates, salary=100000.0, id=92, name='Mark Zuckerberg, salary=200000.0, id=93, name='Sundar, salary=500000.0, id=94, name='Mukesh, salary=2000000.0, id=95, name='Anil, salary=3000000.0, id=96, name='Mark Zuckerberg, salary=300000.0, id=97, name='Anil, salary=2000000.0, id=98, name='Mukesh, salary=1000000.0, id=99, name='Jeff Bezos, salary=100000.0, id=100, name='Bill Gates, salary=200000.0, id=101, name='Sundar, salary=600000.0]
Processing Thread: Test workerConnecting to database with id: 14
Processing Thread: Test workerId: 14 Connection is Successful!!!!!!com.mysql.jdbc.JDBC4Connection@62416031
Answer found
]]></system-out>
  <system-err><![CDATA[]]></system-err>
</testsuite>
