<?xml version="1.0" encoding="UTF-8"?>
<testsuite name="EmployeePayrollServiceTest" tests="1" skipped="0" failures="0" errors="0" timestamp="2020-12-22T04:58:16" hostname="DESKTOP-J9DM2GE" time="0.494">
  <properties/>
  <testcase name="given6Employees_WhenAddedToDB_ShouldMatchEmployeeEntries" classname="EmployeePayrollServiceTest" time="0.494"/>
  <system-out><![CDATA[Connecting to database: jdbc:mysql://localhost:3306/payroll_service?useSSL=false
Connection is Successful!!!!!!!!com.mysql.jdbc.JDBC4Connection@6a82127b
Employee being Added: Jeff Bezos
Connecting to database: jdbc:mysql://localhost:3306/payroll_service?useSSL=false
Connection is Successful!!!!!!!!com.mysql.jdbc.JDBC4Connection@257d4eef
Employee Added: Jeff Bezos
Employee being Added: Bill Gates
Connecting to database: jdbc:mysql://localhost:3306/payroll_service?useSSL=false
Connection is Successful!!!!!!!!com.mysql.jdbc.JDBC4Connection@33a97c15
Employee Added: Bill Gates
Employee being Added: Mark Zuckerberg
Connecting to database: jdbc:mysql://localhost:3306/payroll_service?useSSL=false
Connection is Successful!!!!!!!!com.mysql.jdbc.JDBC4Connection@1c0a016c
Employee Added: Mark Zuckerberg
Employee being Added: Sundar
Connecting to database: jdbc:mysql://localhost:3306/payroll_service?useSSL=false
Connection is Successful!!!!!!!!com.mysql.jdbc.JDBC4Connection@c8b1473
Employee Added: Sundar
Employee being Added: Mukesh
Connecting to database: jdbc:mysql://localhost:3306/payroll_service?useSSL=false
Connection is Successful!!!!!!!!com.mysql.jdbc.JDBC4Connection@29c9ed97
Employee Added: Mukesh
Employee being Added: Anil
Connecting to database: jdbc:mysql://localhost:3306/payroll_service?useSSL=false
Connection is Successful!!!!!!!!com.mysql.jdbc.JDBC4Connection@242716c1
Employee Added: Anil
[id=11, name='Mark, salary=5000000.0, id=42, name='Jeff Bezos, salary=100000.0, id=43, name='Bill Gates, salary=200000.0, id=44, name='Mark Zuckerberg, salary=300000.0, id=45, name='Sundar, salary=600000.0, id=46, name='Mukesh, salary=1000000.0, id=47, name='Anil, salary=2000000.0]
Duration without Thread : PT0.1311143S
Employee being Added: Mark Zuckerberg
Employee being Added: Jeff Bezos
Employee being Added: Bill Gates
Employee being Added: Sundar
Connecting to database: jdbc:mysql://localhost:3306/payroll_service?useSSL=false
Connecting to database: jdbc:mysql://localhost:3306/payroll_service?useSSL=false
Connecting to database: jdbc:mysql://localhost:3306/payroll_service?useSSL=false
Employee being Added: Anil
Connecting to database: jdbc:mysql://localhost:3306/payroll_service?useSSL=false
Employee being Added: Mukesh
Connecting to database: jdbc:mysql://localhost:3306/payroll_service?useSSL=false
Connecting to database: jdbc:mysql://localhost:3306/payroll_service?useSSL=false
Connection is Successful!!!!!!!!com.mysql.jdbc.JDBC4Connection@2680061e
Connection is Successful!!!!!!!!com.mysql.jdbc.JDBC4Connection@a43b25b
Connection is Successful!!!!!!!!com.mysql.jdbc.JDBC4Connection@39f50829
Connection is Successful!!!!!!!!com.mysql.jdbc.JDBC4Connection@334104d8
Connection is Successful!!!!!!!!com.mysql.jdbc.JDBC4Connection@1a0dd01e
Connection is Successful!!!!!!!!com.mysql.jdbc.JDBC4Connection@28209c41
Employee Added: Mark Zuckerberg
Employee Added: Sundar
Employee Added: Anil
Employee Added: Jeff Bezos
Employee Added: Mukesh
Employee Added: Bill Gates
[id=0, name='Jeff Bezos, salary=100000.0, id=0, name='Bill Gates, salary=200000.0, id=0, name='Mark Zuckerberg, salary=300000.0, id=0, name='Sundar, salary=600000.0, id=0, name='Mukesh, salary=1000000.0, id=0, name='Anil, salary=2000000.0]
Duration With Threads: PT0.0589139S
[id=11, name='Mark, salary=5000000.0, id=42, name='Jeff Bezos, salary=100000.0, id=43, name='Bill Gates, salary=200000.0, id=44, name='Mark Zuckerberg, salary=300000.0, id=45, name='Sundar, salary=600000.0, id=46, name='Mukesh, salary=1000000.0, id=47, name='Anil, salary=2000000.0, id=49, name='Mark Zuckerberg, salary=300000.0, id=48, name='Sundar, salary=600000.0, id=52, name='Anil, salary=2000000.0, id=50, name='Mukesh, salary=1000000.0, id=51, name='Jeff Bezos, salary=100000.0, id=53, name='Bill Gates, salary=200000.0]
]]></system-out>
  <system-err><![CDATA[]]></system-err>
</testsuite>
